Info: Starting: Create block symbol file (.bsf)
Info: ip-generate --project-directory=C:/ProyectoQ/luzdos/ --output-directory=C:/ProyectoQ/luzdos/lusdosNios/ --report-file=bsf:C:/ProyectoQ/luzdos/lusdosNios.bsf --system-info=DEVICE_FAMILY="Cyclone IV E" --system-info=DEVICE=EP4CE115F29C7 --system-info=DEVICE_SPEEDGRADE=7 --component-file=C:/ProyectoQ/luzdos/lusdosNios.qsys
Progress: Loading luzdos/lusdosNios.qsys
Progress: Reading input file
Progress: Adding clk_0 [clock_source 12.0]
Progress: Parameterizing module clk_0
Progress: Adding nios2_qsys_0 [altera_nios2_qsys 12.0]
Progress: Parameterizing module nios2_qsys_0
Progress: Adding onchip_memory2_0 [altera_avalon_onchip_memory2 12.0]
Progress: Parameterizing module onchip_memory2_0
Progress: Adding switches [altera_avalon_pio 12.0]
Progress: Parameterizing module switches
Progress: Adding jtag_uart_0 [altera_avalon_jtag_uart 12.0]
Progress: Parameterizing module jtag_uart_0
Progress: Adding LEDS [altera_avalon_pio 12.0]
Progress: Parameterizing module LEDS
Progress: Building connections
Progress: Parameterizing connections
Progress: Validating
Progress: Done reading input file
Info: lusdosNios.onchip_memory2_0: Memory will be initialized from onchip_memory2_0.hex
Info: lusdosNios.switches: PIO inputs are not hardwired in test bench. Undefined values will be read from PIO inputs during simulation.
Info: ip-generate succeeded.
Info: Finished: Create block symbol file (.bsf)
Info: 
Info: Starting: Create HDL design files for synthesis
Info: ip-generate --project-directory=C:/ProyectoQ/luzdos/ --output-directory=C:/ProyectoQ/luzdos/lusdosNios/synthesis/ --file-set=QUARTUS_SYNTH --report-file=sopcinfo:C:/ProyectoQ/luzdos/lusdosNios.sopcinfo --report-file=html:C:/ProyectoQ/luzdos/lusdosNios.html --report-file=qip:C:/ProyectoQ/luzdos/lusdosNios/synthesis/lusdosNios.qip --system-info=DEVICE_FAMILY="Cyclone IV E" --system-info=DEVICE=EP4CE115F29C7 --system-info=DEVICE_SPEEDGRADE=7 --component-file=C:/ProyectoQ/luzdos/lusdosNios.qsys
Progress: Loading luzdos/lusdosNios.qsys
Progress: Reading input file
Progress: Adding clk_0 [clock_source 12.0]
Progress: Parameterizing module clk_0
Progress: Adding nios2_qsys_0 [altera_nios2_qsys 12.0]
Progress: Parameterizing module nios2_qsys_0
Progress: Adding onchip_memory2_0 [altera_avalon_onchip_memory2 12.0]
Progress: Parameterizing module onchip_memory2_0
Progress: Adding switches [altera_avalon_pio 12.0]
Progress: Parameterizing module switches
Progress: Adding jtag_uart_0 [altera_avalon_jtag_uart 12.0]
Progress: Parameterizing module jtag_uart_0
Progress: Adding LEDS [altera_avalon_pio 12.0]
Progress: Parameterizing module LEDS
Progress: Building connections
Progress: Parameterizing connections
Progress: Validating
Progress: Done reading input file
Info: lusdosNios.onchip_memory2_0: Memory will be initialized from onchip_memory2_0.hex
Info: lusdosNios.switches: PIO inputs are not hardwired in test bench. Undefined values will be read from PIO inputs during simulation.
Info: lusdosNios: Generating lusdosNios "lusdosNios" for QUARTUS_SYNTH
Info: pipeline_bridge_swap_transform: After transform: 6 modules, 22 connections
Info: No custom instruction connections, skipping transform 
Info: merlin_translator_transform: After transform: 13 modules, 47 connections
Info: merlin_domain_transform: After transform: 26 modules, 126 connections
Info: merlin_router_transform: After transform: 33 modules, 151 connections
Info: merlin_traffic_limiter_transform: After transform: 34 modules, 155 connections
Info: reset_adaptation_transform: After transform: 36 modules, 136 connections
Info: merlin_network_to_switch_transform: After transform: 49 modules, 164 connections
Info: limiter_update_transform: After transform: 49 modules, 165 connections
Info: merlin_interrupt_mapper_transform: After transform: 50 modules, 168 connections
Info: nios2_qsys_0: Starting RTL generation for module 'lusdosNios_nios2_qsys_0'
Info: nios2_qsys_0:   Generation command is [exec C:/altera/12.0sp2/quartus/../ip/altera/nios2_ip/altera_nios2/eperl.exe -I C:/altera/12.0sp2/quartus/common/ip/altera/common/perl/5.8.3 -I C:/altera/12.0sp2/quartus/sopc_builder/bin/europa -I C:/altera/12.0sp2/quartus/sopc_builder/bin/perl_lib -I C:/altera/12.0sp2/quartus/sopc_builder/bin -I C:/altera/12.0sp2/quartus/../ip/altera/nios2_ip/altera_nios2/cpu_lib -I C:/altera/12.0sp2/quartus/../ip/altera/nios2_ip/altera_nios2/nios_lib -I C:/altera/12.0sp2/quartus/../ip/altera/nios2_ip/altera_nios2 -I C:/altera/12.0sp2/quartus/../ip/altera/nios2_ip/altera_nios2 -- C:/altera/12.0sp2/quartus/../ip/altera/nios2_ip/altera_nios2/generate_rtl.epl --name=lusdosNios_nios2_qsys_0 --dir=C:/Users/JOSANT~1/AppData/Local/Temp/alt7291_2765354683218040876.dir/0001_nios2_qsys_0_gen/ --quartus_dir=C:/altera/12.0sp2/quartus --verilog --config=C:/Users/JOSANT~1/AppData/Local/Temp/alt7291_2765354683218040876.dir/0001_nios2_qsys_0_gen//lusdosNios_nios2_qsys_0_processor_configuration.pl  --do_build_sim=0    --bogus  ]
Info: nios2_qsys_0: # 2017.05.05 12:21:54 (*) Starting Nios II generation
Info: nios2_qsys_0: # 2017.05.05 12:21:54 (*)   Checking for encrypted license (non-evaluation).
Info: nios2_qsys_0: # 2017.05.05 12:21:55 (*)   Couldn't query license setup in Quartus directory C:/altera/12.0sp2/quartus
Info: nios2_qsys_0: # 2017.05.05 12:21:55 (*)   Defaulting to contents of LM_LICENSE_FILE environment variable
Info: nios2_qsys_0: # 2017.05.05 12:21:55 (*)   LM_LICENSE_FILE environment variable is empty
Info: nios2_qsys_0: # 2017.05.05 12:21:55 (*)   Encrypted license not found.  Defaulting to OCP evaluation license (produces a time-limited SOF)
Info: nios2_qsys_0: # 2017.05.05 12:21:55 (*)   Elaborating CPU configuration settings
Info: nios2_qsys_0: # 2017.05.05 12:21:55 (*)   Creating all objects for CPU
Info: nios2_qsys_0: # 2017.05.05 12:21:56 (*)     Pipeline frontend
Info: nios2_qsys_0: # 2017.05.05 12:21:57 (*)   Generating RTL from CPU objects
Info: nios2_qsys_0: # 2017.05.05 12:21:59 (*)   Creating encrypted RTL
Info: nios2_qsys_0: # 2017.05.05 12:22:00 (*) Done Nios II generation
Info: nios2_qsys_0: Done RTL generation for module 'lusdosNios_nios2_qsys_0'
Info: nios2_qsys_0: "lusdosNios" instantiated altera_nios2_qsys "nios2_qsys_0"
Info: Starting classic module elaboration.
Qt: Untested Windows version 6.2 detected!
"c:/altera/12.0sp2/quartus/bin/jre/bin/java.exe" -Xmx512M -classpath "c:/altera/12.0sp2/quartus/sopc_builder/bin/sopc_builder.jar;c:/altera/12.0sp2/quartus/sopc_builder/bin/PinAssigner.jar;c:/altera/12.0sp2/quartus/sopc_builder/bin/sopc_wizard.jar;c:/altera/12.0sp2/quartus/sopc_builder/bin/jptf.jar" sopc_builder.sopc_builder  -d"c:/altera/12.0sp2/quartus/sopc_builder" -notalkback=1 -projectnameyysystem.qpf -projectpathC:/Users/JOSANT~1/AppData/Local/Temp/alt7291_2765354683218040876.dir/0002_sopclgen  --no_splash --refresh C:/Users/JOSANT~1/AppData/Local/Temp/alt7291_2765354683218040876.dir/0002_sopclgen/yysystem.v --quartus_dir="c:/altera/12.0sp2/quartus" --sopc_perl="c:/altera/12.0sp2/quartus/bin/perl" --sopc_lib_path="++c:/altera/12.0sp2/quartus/../ip/altera/sopc_builder_ip+c:/altera/12.0sp2/quartus/../ip/altera/nios2_ip"
Info: Finished elaborating classic module.
Executing: C:/altera/12.0sp2/quartus//sopc_builder/bin/sopc_builder --classic --generate C:/Users/JOSANT~1/AppData/Local/Temp/alt7291_2765354683218040876.dir/0002_sopclgen/yysystem.ptf
Info: Running sopc_builder...
Qt: Untested Windows version 6.2 detected!
"c:/altera/12.0sp2/quartus/bin/jre/bin/java.exe" -Xmx512M -classpath "c:/altera/12.0sp2/quartus/sopc_builder/bin/sopc_builder.jar;c:/altera/12.0sp2/quartus/sopc_builder/bin/PinAssigner.jar;c:/altera/12.0sp2/quartus/sopc_builder/bin/sopc_wizard.jar;c:/altera/12.0sp2/quartus/sopc_builder/bin/jptf.jar" sopc_builder.sopc_builder  -d"c:/altera/12.0sp2/quartus/sopc_builder" -notalkback=1 -projectnameyysystem.qpf -projectpathC:/Users/JOSANT~1/AppData/Local/Temp/alt7291_2765354683218040876.dir/0002_sopclgen  --generate C:/Users/JOSANT~1/AppData/Local/Temp/alt7291_2765354683218040876.dir/0002_sopclgen/yysystem.v --quartus_dir="c:/altera/12.0sp2/quartus" --sopc_perl="c:/altera/12.0sp2/quartus/bin/perl" --sopc_lib_path="++c:/altera/12.0sp2/quartus/../ip/altera/sopc_builder_ip+c:/altera/12.0sp2/quartus/../ip/altera/nios2_ip"
No .sopc_builder configuration file(!)
.
# 2017.05.05 12:22:14 (*) Success: sopc_builder finished.
Info: onchip_memory2_0: "lusdosNios" instantiated altera_avalon_onchip_memory2 "onchip_memory2_0"
Info: Starting classic module elaboration.
Qt: Untested Windows version 6.2 detected!
"c:/altera/12.0sp2/quartus/bin/jre/bin/java.exe" -Xmx512M -classpath "c:/altera/12.0sp2/quartus/sopc_builder/bin/sopc_builder.jar;c:/altera/12.0sp2/quartus/sopc_builder/bin/PinAssigner.jar;c:/altera/12.0sp2/quartus/sopc_builder/bin/sopc_wizard.jar;c:/altera/12.0sp2/quartus/sopc_builder/bin/jptf.jar" sopc_builder.sopc_builder  -d"c:/altera/12.0sp2/quartus/sopc_builder" -notalkback=1 -projectnameyysystem.qpf -projectpathC:/Users/JOSANT~1/AppData/Local/Temp/alt7291_2765354683218040876.dir/0003_sopclgen  --no_splash --refresh C:/Users/JOSANT~1/AppData/Local/Temp/alt7291_2765354683218040876.dir/0003_sopclgen/yysystem.v --quartus_dir="c:/altera/12.0sp2/quartus" --sopc_perl="c:/altera/12.0sp2/quartus/bin/perl" --sopc_lib_path="++c:/altera/12.0sp2/quartus/../ip/altera/sopc_builder_ip+c:/altera/12.0sp2/quartus/../ip/altera/nios2_ip"
Info: Finished elaborating classic module.
Executing: C:/altera/12.0sp2/quartus//sopc_builder/bin/sopc_builder --classic --generate C:/Users/JOSANT~1/AppData/Local/Temp/alt7291_2765354683218040876.dir/0003_sopclgen/yysystem.ptf
Info: Running sopc_builder...
Qt: Untested Windows version 6.2 detected!
"c:/altera/12.0sp2/quartus/bin/jre/bin/java.exe" -Xmx512M -classpath "c:/altera/12.0sp2/quartus/sopc_builder/bin/sopc_builder.jar;c:/altera/12.0sp2/quartus/sopc_builder/bin/PinAssigner.jar;c:/altera/12.0sp2/quartus/sopc_builder/bin/sopc_wizard.jar;c:/altera/12.0sp2/quartus/sopc_builder/bin/jptf.jar" sopc_builder.sopc_builder  -d"c:/altera/12.0sp2/quartus/sopc_builder" -notalkback=1 -projectnameyysystem.qpf -projectpathC:/Users/JOSANT~1/AppData/Local/Temp/alt7291_2765354683218040876.dir/0003_sopclgen  --generate C:/Users/JOSANT~1/AppData/Local/Temp/alt7291_2765354683218040876.dir/0003_sopclgen/yysystem.v --quartus_dir="c:/altera/12.0sp2/quartus" --sopc_perl="c:/altera/12.0sp2/quartus/bin/perl" --sopc_lib_path="++c:/altera/12.0sp2/quartus/../ip/altera/sopc_builder_ip+c:/altera/12.0sp2/quartus/../ip/altera/nios2_ip"
No .sopc_builder configuration file(!)
.
# 2017.05.05 12:22:28 (*) Success: sopc_builder finished.
Info: switches: "lusdosNios" instantiated altera_avalon_pio "switches"
Info: Starting classic module elaboration.
Qt: Untested Windows version 6.2 detected!
"c:/altera/12.0sp2/quartus/bin/jre/bin/java.exe" -Xmx512M -classpath "c:/altera/12.0sp2/quartus/sopc_builder/bin/sopc_builder.jar;c:/altera/12.0sp2/quartus/sopc_builder/bin/PinAssigner.jar;c:/altera/12.0sp2/quartus/sopc_builder/bin/sopc_wizard.jar;c:/altera/12.0sp2/quartus/sopc_builder/bin/jptf.jar" sopc_builder.sopc_builder  -d"c:/altera/12.0sp2/quartus/sopc_builder" -notalkback=1 -projectnameyysystem.qpf -projectpathC:/Users/JOSANT~1/AppData/Local/Temp/alt7291_2765354683218040876.dir/0004_sopclgen  --no_splash --refresh C:/Users/JOSANT~1/AppData/Local/Temp/alt7291_2765354683218040876.dir/0004_sopclgen/yysystem.v --quartus_dir="c:/altera/12.0sp2/quartus" --sopc_perl="c:/altera/12.0sp2/quartus/bin/perl" --sopc_lib_path="++c:/altera/12.0sp2/quartus/../ip/altera/sopc_builder_ip+c:/altera/12.0sp2/quartus/../ip/altera/nios2_ip"
Info: Finished elaborating classic module.
Executing: C:/altera/12.0sp2/quartus//sopc_builder/bin/sopc_builder --classic --generate C:/Users/JOSANT~1/AppData/Local/Temp/alt7291_2765354683218040876.dir/0004_sopclgen/yysystem.ptf
Info: Running sopc_builder...
Qt: Untested Windows version 6.2 detected!
"c:/altera/12.0sp2/quartus/bin/jre/bin/java.exe" -Xmx512M -classpath "c:/altera/12.0sp2/quartus/sopc_builder/bin/sopc_builder.jar;c:/altera/12.0sp2/quartus/sopc_builder/bin/PinAssigner.jar;c:/altera/12.0sp2/quartus/sopc_builder/bin/sopc_wizard.jar;c:/altera/12.0sp2/quartus/sopc_builder/bin/jptf.jar" sopc_builder.sopc_builder  -d"c:/altera/12.0sp2/quartus/sopc_builder" -notalkback=1 -projectnameyysystem.qpf -projectpathC:/Users/JOSANT~1/AppData/Local/Temp/alt7291_2765354683218040876.dir/0004_sopclgen  --generate C:/Users/JOSANT~1/AppData/Local/Temp/alt7291_2765354683218040876.dir/0004_sopclgen/yysystem.v --quartus_dir="c:/altera/12.0sp2/quartus" --sopc_perl="c:/altera/12.0sp2/quartus/bin/perl" --sopc_lib_path="++c:/altera/12.0sp2/quartus/../ip/altera/sopc_builder_ip+c:/altera/12.0sp2/quartus/../ip/altera/nios2_ip"
No .sopc_builder configuration file(!)
.
# 2017.05.05 12:22:43 (*) Success: sopc_builder finished.
Info: jtag_uart_0: "lusdosNios" instantiated altera_avalon_jtag_uart "jtag_uart_0"
Info: Starting classic module elaboration.
Qt: Untested Windows version 6.2 detected!
"c:/altera/12.0sp2/quartus/bin/jre/bin/java.exe" -Xmx512M -classpath "c:/altera/12.0sp2/quartus/sopc_builder/bin/sopc_builder.jar;c:/altera/12.0sp2/quartus/sopc_builder/bin/PinAssigner.jar;c:/altera/12.0sp2/quartus/sopc_builder/bin/sopc_wizard.jar;c:/altera/12.0sp2/quartus/sopc_builder/bin/jptf.jar" sopc_builder.sopc_builder  -d"c:/altera/12.0sp2/quartus/sopc_builder" -notalkback=1 -projectnameyysystem.qpf -projectpathC:/Users/JOSANT~1/AppData/Local/Temp/alt7291_2765354683218040876.dir/0005_sopclgen  --no_splash --refresh C:/Users/JOSANT~1/AppData/Local/Temp/alt7291_2765354683218040876.dir/0005_sopclgen/yysystem.v --quartus_dir="c:/altera/12.0sp2/quartus" --sopc_perl="c:/altera/12.0sp2/quartus/bin/perl" --sopc_lib_path="++c:/altera/12.0sp2/quartus/../ip/altera/sopc_builder_ip+c:/altera/12.0sp2/quartus/../ip/altera/nios2_ip"
Info: Finished elaborating classic module.
Executing: C:/altera/12.0sp2/quartus//sopc_builder/bin/sopc_builder --classic --generate C:/Users/JOSANT~1/AppData/Local/Temp/alt7291_2765354683218040876.dir/0005_sopclgen/yysystem.ptf
Info: Running sopc_builder...
Qt: Untested Windows version 6.2 detected!
"c:/altera/12.0sp2/quartus/bin/jre/bin/java.exe" -Xmx512M -classpath "c:/altera/12.0sp2/quartus/sopc_builder/bin/sopc_builder.jar;c:/altera/12.0sp2/quartus/sopc_builder/bin/PinAssigner.jar;c:/altera/12.0sp2/quartus/sopc_builder/bin/sopc_wizard.jar;c:/altera/12.0sp2/quartus/sopc_builder/bin/jptf.jar" sopc_builder.sopc_builder  -d"c:/altera/12.0sp2/quartus/sopc_builder" -notalkback=1 -projectnameyysystem.qpf -projectpathC:/Users/JOSANT~1/AppData/Local/Temp/alt7291_2765354683218040876.dir/0005_sopclgen  --generate C:/Users/JOSANT~1/AppData/Local/Temp/alt7291_2765354683218040876.dir/0005_sopclgen/yysystem.v --quartus_dir="c:/altera/12.0sp2/quartus" --sopc_perl="c:/altera/12.0sp2/quartus/bin/perl" --sopc_lib_path="++c:/altera/12.0sp2/quartus/../ip/altera/sopc_builder_ip+c:/altera/12.0sp2/quartus/../ip/altera/nios2_ip"
No .sopc_builder configuration file(!)
.
# 2017.05.05 12:22:53 (*) Success: sopc_builder finished.
Info: LEDS: "lusdosNios" instantiated altera_avalon_pio "LEDS"
Info: nios2_qsys_0_instruction_master_translator: "lusdosNios" instantiated altera_merlin_master_translator "nios2_qsys_0_instruction_master_translator"
Info: nios2_qsys_0_jtag_debug_module_translator: "lusdosNios" instantiated altera_merlin_slave_translator "nios2_qsys_0_jtag_debug_module_translator"
Info: nios2_qsys_0_instruction_master_translator_avalon_universal_master_0_agent: "lusdosNios" instantiated altera_merlin_master_agent "nios2_qsys_0_instruction_master_translator_avalon_universal_master_0_agent"
Info: nios2_qsys_0_jtag_debug_module_translator_avalon_universal_slave_0_agent: "lusdosNios" instantiated altera_merlin_slave_agent "nios2_qsys_0_jtag_debug_module_translator_avalon_universal_slave_0_agent"
Info: nios2_qsys_0_jtag_debug_module_translator_avalon_universal_slave_0_agent_rsp_fifo: "lusdosNios" instantiated altera_avalon_sc_fifo "nios2_qsys_0_jtag_debug_module_translator_avalon_universal_slave_0_agent_rsp_fifo"
Info: addr_router: "lusdosNios" instantiated altera_merlin_router "addr_router"
Info: addr_router_001: "lusdosNios" instantiated altera_merlin_router "addr_router_001"
Info: id_router: "lusdosNios" instantiated altera_merlin_router "id_router"
Info: id_router_002: "lusdosNios" instantiated altera_merlin_router "id_router_002"
Info: limiter: "lusdosNios" instantiated altera_merlin_traffic_limiter "limiter"
Info: rst_controller: "lusdosNios" instantiated altera_reset_controller "rst_controller"
Info: cmd_xbar_demux: "lusdosNios" instantiated altera_merlin_demultiplexer "cmd_xbar_demux"
Info: cmd_xbar_demux_001: "lusdosNios" instantiated altera_merlin_demultiplexer "cmd_xbar_demux_001"
Info: cmd_xbar_mux: "lusdosNios" instantiated altera_merlin_multiplexer "cmd_xbar_mux"
Info: rsp_xbar_demux: "lusdosNios" instantiated altera_merlin_demultiplexer "rsp_xbar_demux"
Info: rsp_xbar_demux_002: "lusdosNios" instantiated altera_merlin_demultiplexer "rsp_xbar_demux_002"
Info: rsp_xbar_mux: "lusdosNios" instantiated altera_merlin_multiplexer "rsp_xbar_mux"
Info: Reusing file C:/ProyectoQ/luzdos/lusdosNios/synthesis/submodules/altera_merlin_arbitrator.sv
Info: rsp_xbar_mux_001: "lusdosNios" instantiated altera_merlin_multiplexer "rsp_xbar_mux_001"
Info: Reusing file C:/ProyectoQ/luzdos/lusdosNios/synthesis/submodules/altera_merlin_arbitrator.sv
Info: irq_mapper: "lusdosNios" instantiated altera_irq_mapper "irq_mapper"
Info: lusdosNios: Done lusdosNios" with 25 modules, 75 files, 1316103 bytes
Info: ip-generate succeeded.
Info: Finished: Create HDL design files for synthesis
